<?xml version="1.0" encoding="UTF-8"?>
<!-- Generated by org.testng.reporters.JUnitXMLReporter -->
<testsuite ignored="0" hostname="DESKTOP-KUC3PTT" failures="0" tests="2" name="AutomationTests" time="11.247" errors="0" timestamp="2025-12-29T16:25:00 GMT+04:00">
  <testcase classname="com.giorgiburduladze.tests.FormTests" name="fillAndAssertFormTest" time="4.28"/>
  <testcase classname="com.giorgiburduladze.tests.AlertTests" name="alertWithTextboxTest" time="4.399"/>
</testsuite> <!-- AutomationTests -->
