<?xml version="1.0" encoding="UTF-8"?>
<testng-results ignored="0" total="2" passed="2" failed="0" skipped="0">
  <reporter-output>
  </reporter-output>
  <suite started-at="2025-12-29T16:24:49 GMT+04:00" name="Homework3Suite" finished-at="2025-12-29T16:25:00 GMT+04:00" duration-ms="11247">
    <groups>
    </groups>
    <test started-at="2025-12-29T16:24:49 GMT+04:00" name="AutomationTests" finished-at="2025-12-29T16:25:00 GMT+04:00" duration-ms="11247">
      <class name="com.giorgiburduladze.tests.FormTests">
        <test-method is-config="true" signature="setup()[pri:0, instance:com.giorgiburduladze.tests.FormTests@705f83a7]" started-at="2025-12-29T16:24:49 GMT+04:00" name="setup" finished-at="2025-12-29T16:24:50 GMT+04:00" duration-ms="1473" status="PASS">
          <reporter-output>
          </reporter-output>
        </test-method> <!-- setup -->
        <test-method signature="fillAndAssertFormTest()[pri:0, instance:com.giorgiburduladze.tests.FormTests@705f83a7]" started-at="2025-12-29T16:24:50 GMT+04:00" name="fillAndAssertFormTest" finished-at="2025-12-29T16:24:54 GMT+04:00" duration-ms="4280" status="PASS">
          <reporter-output>
          </reporter-output>
        </test-method> <!-- fillAndAssertFormTest -->
        <test-method is-config="true" signature="tearDown()[pri:0, instance:com.giorgiburduladze.tests.FormTests@705f83a7]" started-at="2025-12-29T16:24:55 GMT+04:00" name="tearDown" finished-at="2025-12-29T16:24:55 GMT+04:00" duration-ms="159" status="PASS">
          <reporter-output>
          </reporter-output>
        </test-method> <!-- tearDown -->
      </class> <!-- com.giorgiburduladze.tests.FormTests -->
      <class name="com.giorgiburduladze.tests.AlertTests">
        <test-method is-config="true" signature="setup()[pri:0, instance:com.giorgiburduladze.tests.AlertTests@57b75756]" started-at="2025-12-29T16:24:55 GMT+04:00" name="setup" finished-at="2025-12-29T16:24:55 GMT+04:00" duration-ms="629" status="PASS">
          <reporter-output>
          </reporter-output>
        </test-method> <!-- setup -->
        <test-method signature="alertWithTextboxTest()[pri:0, instance:com.giorgiburduladze.tests.AlertTests@57b75756]" started-at="2025-12-29T16:24:55 GMT+04:00" name="alertWithTextboxTest" finished-at="2025-12-29T16:25:00 GMT+04:00" duration-ms="4399" status="PASS">
          <reporter-output>
          </reporter-output>
        </test-method> <!-- alertWithTextboxTest -->
        <test-method is-config="true" signature="tearDown()[pri:0, instance:com.giorgiburduladze.tests.AlertTests@57b75756]" started-at="2025-12-29T16:25:00 GMT+04:00" name="tearDown" finished-at="2025-12-29T16:25:00 GMT+04:00" duration-ms="142" status="PASS">
          <reporter-output>
          </reporter-output>
        </test-method> <!-- tearDown -->
      </class> <!-- com.giorgiburduladze.tests.AlertTests -->
    </test> <!-- AutomationTests -->
  </suite> <!-- Homework3Suite -->
</testng-results>
